Info  | RdCoroutineScope          | 12:JobScheduler FJ pool 2/11 | RdCoroutineHost overridden 
2021-12-31 10:58:35,494 [   3052]   WARN - l.NotificationGroupManagerImpl - Notification group CodeWithMe is already registered (group=com.intellij.notification.NotificationGroup@367a1ca5). Plugin descriptor: PluginDescriptor(name=Code With Me, id=com.jetbrains.codeWithMe, descriptorPath=plugin.xml, path=/snap/goland/166/plugins/cwm-plugin, version=213.6461.81, package=null, isBundled=true) 
2021-12-31 10:58:35,864 [   3422]   WARN - nSystem.impl.ActionManagerImpl - keymap "Visual Studio" not found PluginDescriptor(name=IDEA CORE, id=com.intellij, descriptorPath=plugin.xml, path=/snap/goland/166/lib/goland.jar, version=213.6461.81, package=null, isBundled=true) 
2021-12-31 10:58:35,870 [   3428]   WARN - nSystem.impl.ActionManagerImpl - keymap "Eclipse" not found PluginDescriptor(name=IDEA CORE, id=com.intellij, descriptorPath=plugin.xml, path=/snap/goland/166/lib/goland.jar, version=213.6461.81, package=null, isBundled=true) 
2021-12-31 10:58:35,871 [   3429]   WARN - nSystem.impl.ActionManagerImpl - keymap "NetBeans 6.5" not found PluginDescriptor(name=IDEA CORE, id=com.intellij, descriptorPath=plugin.xml, path=/snap/goland/166/lib/goland.jar, version=213.6461.81, package=null, isBundled=true) 
2021-12-31 10:58:35,871 [   3429]   WARN - nSystem.impl.ActionManagerImpl - keymap "Visual Studio" not found PluginDescriptor(name=IDEA CORE, id=com.intellij, descriptorPath=plugin.xml, path=/snap/goland/166/lib/goland.jar, version=213.6461.81, package=null, isBundled=true) 
2021-12-31 10:58:35,917 [   3475]   WARN - nSystem.impl.ActionManagerImpl - keymap "Visual Studio" not found PluginDescriptor(name=HTML Tools, id=HtmlTools, descriptorPath=plugin.xml, path=/snap/goland/166/plugins/htmltools, version=213.6461.81, package=null, isBundled=true) 
2021-12-31 10:58:35,924 [   3482]   WARN - nSystem.impl.ActionManagerImpl - keymap "Eclipse" not found PluginDescriptor(name=GitHub, id=org.jetbrains.plugins.github, descriptorPath=plugin.xml, path=/snap/goland/166/plugins/github, version=213.6461.81, package=org.jetbrains.plugins.github, isBundled=true) 
2021-12-31 10:58:35,926 [   3484]   WARN - nSystem.impl.ActionManagerImpl - keymap "Eclipse" not found PluginDescriptor(name=JavaScript and TypeScript, id=JavaScript, descriptorPath=plugin.xml, path=/snap/goland/166/plugins/JavaScriptLanguage, version=213.6461.81, package=null, isBundled=true) 
2021-12-31 10:58:35,926 [   3484]   WARN - nSystem.impl.ActionManagerImpl - keymap "Visual Studio" not found PluginDescriptor(name=JavaScript and TypeScript, id=JavaScript, descriptorPath=plugin.xml, path=/snap/goland/166/plugins/JavaScriptLanguage, version=213.6461.81, package=null, isBundled=true) 
2021-12-31 10:58:43,641 [  11199]  ERROR - ta.index.VcsLogPersistentIndex - Broken index maps:
trigrams empty true
users empty false
paths empty false 
java.io.IOException: Broken index maps:
trigrams empty true
users empty false
paths empty false
	at com.intellij.vcs.log.data.index.VcsLogPersistentIndex$IndexStorage.checkConsistency(VcsLogPersistentIndex.java:365)
	at com.intellij.vcs.log.data.index.VcsLogPersistentIndex$IndexStorage.<init>(VcsLogPersistentIndex.java:351)
	at com.intellij.vcs.log.data.index.VcsLogPersistentIndex.lambda$createIndexStorage$0(VcsLogPersistentIndex.java:126)
	at com.intellij.util.io.IOUtil.openCleanOrResetBroken(IOUtil.java:248)
	at com.intellij.vcs.log.data.index.VcsLogPersistentIndex.createIndexStorage(VcsLogPersistentIndex.java:126)
	at com.intellij.vcs.log.data.index.VcsLogPersistentIndex.<init>(VcsLogPersistentIndex.java:99)
	at com.intellij.vcs.log.data.VcsLogData.<init>(VcsLogData.java:88)
	at com.intellij.vcs.log.impl.VcsLogManager.<init>(VcsLogManager.java:69)
	at com.intellij.vcs.log.impl.VcsProjectLog$LazyVcsLogManager.getValue(VcsProjectLog.java:350)
	at com.intellij.vcs.log.impl.VcsProjectLog.createLog(VcsProjectLog.java:225)
	at com.intellij.vcs.log.impl.VcsProjectLog.lambda$disposeLog$3(VcsProjectLog.java:183)
	at com.intellij.util.concurrency.BoundedTaskExecutor.doRun(BoundedTaskExecutor.java:246)
	at com.intellij.util.concurrency.BoundedTaskExecutor.access$200(BoundedTaskExecutor.java:32)
	at com.intellij.util.concurrency.BoundedTaskExecutor$1.execute(BoundedTaskExecutor.java:225)
	at com.intellij.util.ConcurrencyUtil.runUnderThreadName(ConcurrencyUtil.java:213)
	at com.intellij.util.concurrency.BoundedTaskExecutor$1.run(BoundedTaskExecutor.java:214)
	at java.base/java.util.concurrent.ThreadPoolExecutor.runWorker(ThreadPoolExecutor.java:1128)
	at java.base/java.util.concurrent.ThreadPoolExecutor$Worker.run(ThreadPoolExecutor.java:628)
	at java.base/java.util.concurrent.Executors$PrivilegedThreadFactory$1$1.run(Executors.java:668)
	at java.base/java.util.concurrent.Executors$PrivilegedThreadFactory$1$1.run(Executors.java:665)
	at java.base/java.security.AccessController.doPrivileged(Native Method)
	at java.base/java.util.concurrent.Executors$PrivilegedThreadFactory$1.run(Executors.java:665)
	at java.base/java.lang.Thread.run(Thread.java:829)
2021-12-31 10:58:43,644 [  11202]  ERROR - ta.index.VcsLogPersistentIndex - GoLand 2021.3.2  Build #GO-213.6461.81 
2021-12-31 10:58:43,644 [  11202]  ERROR - ta.index.VcsLogPersistentIndex - JDK: 11.0.13; VM: OpenJDK 64-Bit Server VM; Vendor: JetBrains s.r.o. 
2021-12-31 10:58:43,644 [  11202]  ERROR - ta.index.VcsLogPersistentIndex - OS: Linux 
2021-12-31 10:58:43,644 [  11202]  ERROR - ta.index.VcsLogPersistentIndex - Last Action:  
2021-12-31 10:58:44,110 [  11668]   WARN - ctionSystem.impl.ActionUpdater - 271 ms to grab EDT for TabListAction#update (com.intellij.ide.actions.TabListAction) 
2021-12-31 10:58:44,110 [  11668]   WARN - ctionSystem.impl.ActionUpdater - 274 ms to grab EDT for CWMTelephonyGroup#update (com.jetbrains.rd.platform.codeWithMe.telephony.CWMTelephonyGroup) 
2021-12-31 10:58:54,228 [  21786]   WARN - ctionSystem.impl.ActionUpdater - 443 ms to call on EDT ChangePageSizeActionGroup#update (com.intellij.database.run.actions.ChangePageSizeActionGroup) - speed it up and/or implement UpdateInBackground. 
2021-12-31 11:02:41,760 [ 249318]  ERROR - terminal.emulator.JediEmulator - Unhandled Control Sequence (parsed: ESC[>4;2m, raw: ESC[>4;2m) 
2021-12-31 11:02:41,761 [ 249319]  ERROR - terminal.emulator.JediEmulator - Unknown character attribute:29 
2021-12-31 11:02:41,768 [ 249326]  ERROR - terminal.emulator.JediEmulator - Unknown character attribute:29 
2021-12-31 11:02:45,805 [ 253363]  ERROR - terminal.emulator.JediEmulator - Unhandled Control Sequence (parsed: ESC[>4;0m, raw: ESC[>4;m) 
2021-12-31 11:02:49,087 [ 256645]  ERROR - terminal.emulator.JediEmulator - Unhandled Control Sequence (parsed: ESC[>4;2m, raw: ESC[>4;2m) 
2021-12-31 11:02:49,088 [ 256646]  ERROR - terminal.emulator.JediEmulator - Unknown character attribute:29 
2021-12-31 11:02:49,090 [ 256648]  ERROR - terminal.emulator.JediEmulator - Unknown character attribute:29 
2021-12-31 11:02:52,266 [ 259824]  ERROR - terminal.emulator.JediEmulator - Unhandled Control Sequence (parsed: ESC[>4;0m, raw: ESC[>4;m) 
2021-12-31 11:03:05,319 [ 272877]  ERROR - terminal.emulator.JediEmulator - Unhandled Control Sequence (parsed: ESC[>4;2m, raw: ESC[>4;2m) 
2021-12-31 11:03:05,320 [ 272878]  ERROR - terminal.emulator.JediEmulator - Unknown character attribute:29 
2021-12-31 11:03:05,322 [ 272880]  ERROR - terminal.emulator.JediEmulator - Unknown character attribute:29 
2021-12-31 11:03:10,385 [ 277943]  ERROR - terminal.emulator.JediEmulator - Unhandled Control Sequence (parsed: ESC[>4;0m, raw: ESC[>4;m) 
2021-12-31 11:03:16,151 [ 283709]  ERROR - terminal.emulator.JediEmulator - Unhandled Control Sequence (parsed: ESC[>4;2m, raw: ESC[>4;2m) 
2021-12-31 11:03:16,151 [ 283709]  ERROR - terminal.emulator.JediEmulator - Unknown character attribute:29 
2021-12-31 11:03:16,154 [ 283712]  ERROR - terminal.emulator.JediEmulator - Unknown character attribute:29 
2021-12-31 11:03:22,122 [ 289680]  ERROR - terminal.emulator.JediEmulator - Unhandled Control Sequence (parsed: ESC[>4;0m, raw: ESC[>4;m) 
2021-12-31 11:03:31,794 [ 299352]  ERROR - terminal.emulator.JediEmulator - Unhandled Control Sequence (parsed: ESC[>4;2m, raw: ESC[>4;2m) 
2021-12-31 11:03:31,794 [ 299352]  ERROR - terminal.emulator.JediEmulator - Unknown character attribute:29 
2021-12-31 11:03:31,797 [ 299355]  ERROR - terminal.emulator.JediEmulator - Unknown character attribute:29 
2021-12-31 11:03:42,118 [ 309676]  ERROR - terminal.emulator.JediEmulator - Unhandled Control Sequence (parsed: ESC[>4;0m, raw: ESC[>4;m) 
